Removed Pin From Net: NetName=NetR3_2 Pin=X1-1
Removed Pin From Net: NetName=NetR4_2 Pin=X1-2
Removed Pin From Net: NetName=NetR5_2 Pin=X1-3
Removed Pin From Net: NetName=NetR10_2 Pin=X1-4
Removed Pin From Net: NetName=NetR11_2 Pin=X1-5
Removed Pin From Net: NetName=NetR12_2 Pin=X1-6
Removed Pin From Net: NetName=NetR13_2 Pin=X1-7
Removed Pin From Net: NetName=NetR14_2 Pin=X2-1
Removed Pin From Net: NetName=NetR15_2 Pin=X2-2
Removed Pin From Net: NetName=NetR16_2 Pin=X2-3
Removed Pin From Net: NetName=NetR17_2 Pin=X2-4
Removed Pin From Net: NetName=NetR18_2 Pin=X2-5
Removed Pin From Net: NetName=NetR20_2 Pin=X2-6
Removed Pin From Net: NetName=NetR22_2 Pin=X2-7
Removed Pin From Net: NetName=NetR23_2 Pin=X2-8
Removed Pin From Net: NetName=NetR25_2 Pin=X2-9
Removed Pin From Net: NetName=NetR26_2 Pin=X2-10
Removed Member From Class: ClassName=BMS_BQ76PL455 Member=X2
Change Component Footprint: Designator=X1 Old Footprint=PINS 7X2.54 New Footprint=Klemm 17
Change Component Comment : Designator=X1 Old Comment=PINS 7x2.54 New Comment=Klemmnik
Added Pin To Net: NetName=NetR26_2 Pin=X1-1
Added Pin To Net: NetName=NetR26_2 Pin=X1-1
Added Pin To Net: NetName=NetR25_2 Pin=X1-2
Added Pin To Net: NetName=NetR25_2 Pin=X1-2
Added Pin To Net: NetName=NetR23_2 Pin=X1-3
Added Pin To Net: NetName=NetR23_2 Pin=X1-3
Added Pin To Net: NetName=NetR22_2 Pin=X1-4
Added Pin To Net: NetName=NetR22_2 Pin=X1-4
Added Pin To Net: NetName=NetR20_2 Pin=X1-5
Added Pin To Net: NetName=NetR20_2 Pin=X1-5
Added Pin To Net: NetName=NetR18_2 Pin=X1-6
Added Pin To Net: NetName=NetR18_2 Pin=X1-6
Added Pin To Net: NetName=NetR17_2 Pin=X1-7
Added Pin To Net: NetName=NetR17_2 Pin=X1-7
Added Pin To Net: NetName=NetR16_2 Pin=X1-8
Added Pin To Net: NetName=NetR16_2 Pin=X1-8
Added Pin To Net: NetName=NetR15_2 Pin=X1-9
Added Pin To Net: NetName=NetR15_2 Pin=X1-9
Added Pin To Net: NetName=NetR14_2 Pin=X1-10
Added Pin To Net: NetName=NetR14_2 Pin=X1-10
Added Pin To Net: NetName=NetR13_2 Pin=X1-11
Added Pin To Net: NetName=NetR13_2 Pin=X1-11
Added Pin To Net: NetName=NetR12_2 Pin=X1-12
Added Pin To Net: NetName=NetR12_2 Pin=X1-12
Added Pin To Net: NetName=NetR11_2 Pin=X1-13
Added Pin To Net: NetName=NetR11_2 Pin=X1-13
Added Pin To Net: NetName=NetR10_2 Pin=X1-14
Added Pin To Net: NetName=NetR10_2 Pin=X1-14
Added Pin To Net: NetName=NetR5_2 Pin=X1-15
Added Pin To Net: NetName=NetR5_2 Pin=X1-15
Added Pin To Net: NetName=NetR4_2 Pin=X1-16
Added Pin To Net: NetName=NetR4_2 Pin=X1-16
Added Pin To Net: NetName=NetR3_2 Pin=X1-17
Added Pin To Net: NetName=NetR3_2 Pin=X1-17
