Removed Pin From Net: NetName=GND Pin=C19-1
Removed Pin From Net: NetName=+12V Pin=C19-2
Removed Pin From Net: NetName=GND Pin=C20-1
Removed Pin From Net: NetName=+12V Pin=C20-2
Removed Pin From Net: NetName=GND Pin=C21-1
Removed Pin From Net: NetName=+5V Pin=C21-2
Removed Pin From Net: NetName=GND Pin=C22-1
Removed Pin From Net: NetName=+3.3V Pin=C22-2
Removed Member From Class: ClassName=BMS_BQ76PL455 Member=C19
Removed Member From Class: ClassName=BMS_BQ76PL455 Member=C20
Removed Member From Class: ClassName=BMS_BQ76PL455 Member=C21
Removed Member From Class: ClassName=BMS_BQ76PL455 Member=C22
Added Component: Designator=C?(CAP_EL_SMD_6.3mm)
Added Component: Designator=C?(CAP_EL_SMD_6.3mm)
Added Component: Designator=C?(Cap_El_SMD_10mm)
Added Pin To Net: NetName=+3.3V Pin=C?-1
Added Pin To Net: NetName=+5V Pin=C?-1
Added Pin To Net: NetName=+12V Pin=C?-1
Added Pin To Net: NetName=GND Pin=C?-2
Added Pin To Net: NetName=GND Pin=C?-2
Added Pin To Net: NetName=GND Pin=C?-2
Added Pin To Net: NetName=NetL1_1 Pin=L1-1
Added Pin To Net: NetName=NetL1_1 Pin=X3-1
Added Net: Name=NetL1_1
Added Member To Class: ClassName=BMS_BQ76PL455 Member=Component C? 6.3V
Added Member To Class: ClassName=BMS_BQ76PL455 Member=Component C? 6.3V
Added Member To Class: ClassName=BMS_BQ76PL455 Member=Component C? 470uF
